<?xml version="1.0" encoding="UTF-8"?>
<!-- Generated by org.testng.reporters.JUnitXMLReporter -->
<testsuite hostname="LAPTOP-P3EADNK9" ignored="0" name="Test" tests="8" failures="0" timestamp="17 Sep 2021 17:58:03 GMT" time="88.459" errors="0">
  <testcase name="userLoginTest" time="1.456" classname="com.vezencare.testCases.TC_UserLoginTest_001"/>
  <testcase name="loginDDT" time="3.394" classname="com.vezencare.testCases.TC_LoginDDT_002"/>
  <testcase name="loginDDT" time="13.45" classname="com.vezencare.testCases.TC_LoginDDT_002"/>
  <testcase name="loginDDT" time="13.491" classname="com.vezencare.testCases.TC_LoginDDT_002"/>
  <testcase name="loginDDT" time="3.45" classname="com.vezencare.testCases.TC_LoginDDT_002"/>
  <testcase name="loginDDT" time="13.424" classname="com.vezencare.testCases.TC_LoginDDT_002"/>
  <testcase name="loginDDT" time="13.497" classname="com.vezencare.testCases.TC_LoginDDT_002"/>
  <testcase name="userDashboardTest" time="18.587" classname="com.vezencare.testCases.TC_UserdashboardTest_002"/>
</testsuite> <!-- Test -->
