<?xml version="1.0" encoding="UTF-8"?>
<testsuite xmlns:xsi="http://www.w3.org/2001/XMLSchema-instance" xsi:noNamespaceSchemaLocation="https://maven.apache.org/surefire/maven-surefire-plugin/xsd/surefire-test-report-3.0.xsd" version="3.0" name="TestSuite" time="88.834" tests="8" errors="0" skipped="0" failures="0">
  <properties>
[...]
</properties>
  <testcase name="userLoginTest" classname="com.vezencare.testCases.TC_UserLoginTest_001" time="1.446">
    <system-out><![CDATA[23:26:39.035 [main] FATAL com.vezencare.testCases.TC_UserLoginTest_001 - Launch browser
]]></system-out>
    <system-err><![CDATA[Starting ChromeDriver 92.0.4515.107 (87a818b10553a07434ea9e2b6dccf3cbe7895134-refs/branch-heads/4515@{#1634}) on port 9464
Only local connections are allowed.
Please see https://chromedriver.chromium.org/security-considerations for suggestions on keeping ChromeDriver safe.
ChromeDriver was started successfully.
[1631901397.961][WARNING]: This version of ChromeDriver has not been tested with Chrome version 93.
Sep 17, 2021 11:26:38 PM org.openqa.selenium.remote.ProtocolHandshake createSession
INFO: Detected dialect: W3C
]]></system-err>
  </testcase>
  <testcase name="loginDDT[9346078959, 1234](1)" classname="com.vezencare.testCases.TC_LoginDDT_002" time="3.382">
    <system-err><![CDATA[Starting ChromeDriver 92.0.4515.107 (87a818b10553a07434ea9e2b6dccf3cbe7895134-refs/branch-heads/4515@{#1634}) on port 8181
Only local connections are allowed.
Please see https://chromedriver.chromium.org/security-considerations for suggestions on keeping ChromeDriver safe.
ChromeDriver was started successfully.
[1631901401.639][WARNING]: This version of ChromeDriver has not been tested with Chrome version 93.
Sep 17, 2021 11:26:41 PM org.openqa.selenium.remote.ProtocolHandshake createSession
INFO: Detected dialect: W3C
]]></system-err>
  </testcase>
  <testcase name="loginDDT[9243581353, 456813](2)" classname="com.vezencare.testCases.TC_LoginDDT_002" time="13.45">
    <system-out><![CDATA[23:26:59.463 [main] ERROR com.vezencare.pageObjects.Userloginpage - This error message ::: org.openqa.selenium.NoSuchElementException: no such element: Unable to locate element: {"method":"xpath","selector":"/html/body/div[1]/header/div/div/nav/ul/li[18]/a"}
  (Session info: chrome=93.0.4577.82)
For documentation on this error, please visit: https://www.seleniumhq.org/exceptions/no_such_element.html
Build info: version: '3.141.59', revision: 'e82be7d358', time: '2018-11-14T08:17:03'
System info: host: 'LAPTOP-P3EADNK9', ip: '192.168.56.1', os.name: 'Windows 10', os.arch: 'amd64', os.version: '10.0', java.version: '1.8.0_301'
Driver info: org.openqa.selenium.chrome.ChromeDriver
Capabilities {acceptInsecureCerts: false, browserName: chrome, browserVersion: 93.0.4577.82, chrome: {chromedriverVersion: 92.0.4515.107 (87a818b10553..., userDataDir: C:\WINDOWS\TEMP\scoped_dir3...}, goog:chromeOptions: {debuggerAddress: localhost:60188}, javascriptEnabled: true, networkConnectionEnabled: false, pageLoadStrategy: normal, platform: WINDOWS, platformName: WINDOWS, proxy: Proxy(), setWindowRect: true, strictFileInteractability: false, timeouts: {implicit: 0, pageLoad: 300000, script: 30000}, unhandledPromptBehavior: dismiss and notify, webauthn:extension:credBlob: true, webauthn:extension:largeBlob: true, webauthn:virtualAuthenticators: true}
Session ID: 5a54b731a3eecc089441de433b9ca0d3
*** Element info: {Using=xpath, value=/html/body/div[1]/header/div/div/nav/ul/li[18]/a}
]]></system-out>
  </testcase>
  <testcase name="loginDDT[9346078959, 12345](3)" classname="com.vezencare.testCases.TC_LoginDDT_002" time="13.492">
    <system-out><![CDATA[23:27:12.943 [main] ERROR com.vezencare.pageObjects.Userloginpage - This error message ::: org.openqa.selenium.NoSuchElementException: no such element: Unable to locate element: {"method":"xpath","selector":"/html/body/div[1]/header/div/div/nav/ul/li[18]/a"}
  (Session info: chrome=93.0.4577.82)
For documentation on this error, please visit: https://www.seleniumhq.org/exceptions/no_such_element.html
Build info: version: '3.141.59', revision: 'e82be7d358', time: '2018-11-14T08:17:03'
System info: host: 'LAPTOP-P3EADNK9', ip: '192.168.56.1', os.name: 'Windows 10', os.arch: 'amd64', os.version: '10.0', java.version: '1.8.0_301'
Driver info: org.openqa.selenium.chrome.ChromeDriver
Capabilities {acceptInsecureCerts: false, browserName: chrome, browserVersion: 93.0.4577.82, chrome: {chromedriverVersion: 92.0.4515.107 (87a818b10553..., userDataDir: C:\WINDOWS\TEMP\scoped_dir3...}, goog:chromeOptions: {debuggerAddress: localhost:60188}, javascriptEnabled: true, networkConnectionEnabled: false, pageLoadStrategy: normal, platform: WINDOWS, platformName: WINDOWS, proxy: Proxy(), setWindowRect: true, strictFileInteractability: false, timeouts: {implicit: 0, pageLoad: 300000, script: 30000}, unhandledPromptBehavior: dismiss and notify, webauthn:extension:credBlob: true, webauthn:extension:largeBlob: true, webauthn:virtualAuthenticators: true}
Session ID: 5a54b731a3eecc089441de433b9ca0d3
*** Element info: {Using=xpath, value=/html/body/div[1]/header/div/div/nav/ul/li[18]/a}
]]></system-out>
  </testcase>
  <testcase name="loginDDT[9346078959, 1234](4)" classname="com.vezencare.testCases.TC_LoginDDT_002" time="3.45"/>
  <testcase name="loginDDT[8686962272, 1234](5)" classname="com.vezencare.testCases.TC_LoginDDT_002" time="13.424">
    <system-out><![CDATA[23:27:29.857 [main] ERROR com.vezencare.pageObjects.Userloginpage - This error message ::: org.openqa.selenium.NoSuchElementException: no such element: Unable to locate element: {"method":"xpath","selector":"/html/body/div[1]/header/div/div/nav/ul/li[18]/a"}
  (Session info: chrome=93.0.4577.82)
For documentation on this error, please visit: https://www.seleniumhq.org/exceptions/no_such_element.html
Build info: version: '3.141.59', revision: 'e82be7d358', time: '2018-11-14T08:17:03'
System info: host: 'LAPTOP-P3EADNK9', ip: '192.168.56.1', os.name: 'Windows 10', os.arch: 'amd64', os.version: '10.0', java.version: '1.8.0_301'
Driver info: org.openqa.selenium.chrome.ChromeDriver
Capabilities {acceptInsecureCerts: false, browserName: chrome, browserVersion: 93.0.4577.82, chrome: {chromedriverVersion: 92.0.4515.107 (87a818b10553..., userDataDir: C:\WINDOWS\TEMP\scoped_dir3...}, goog:chromeOptions: {debuggerAddress: localhost:60188}, javascriptEnabled: true, networkConnectionEnabled: false, pageLoadStrategy: normal, platform: WINDOWS, platformName: WINDOWS, proxy: Proxy(), setWindowRect: true, strictFileInteractability: false, timeouts: {implicit: 0, pageLoad: 300000, script: 30000}, unhandledPromptBehavior: dismiss and notify, webauthn:extension:credBlob: true, webauthn:extension:largeBlob: true, webauthn:virtualAuthenticators: true}
Session ID: 5a54b731a3eecc089441de433b9ca0d3
*** Element info: {Using=xpath, value=/html/body/div[1]/header/div/div/nav/ul/li[18]/a}
]]></system-out>
  </testcase>
  <testcase name="loginDDT[9705090668, anu@1412](6)" classname="com.vezencare.testCases.TC_LoginDDT_002" time="13.498">
    <system-out><![CDATA[23:27:43.313 [main] ERROR com.vezencare.pageObjects.Userloginpage - This error message ::: org.openqa.selenium.NoSuchElementException: no such element: Unable to locate element: {"method":"xpath","selector":"/html/body/div[1]/header/div/div/nav/ul/li[18]/a"}
  (Session info: chrome=93.0.4577.82)
For documentation on this error, please visit: https://www.seleniumhq.org/exceptions/no_such_element.html
Build info: version: '3.141.59', revision: 'e82be7d358', time: '2018-11-14T08:17:03'
System info: host: 'LAPTOP-P3EADNK9', ip: '192.168.56.1', os.name: 'Windows 10', os.arch: 'amd64', os.version: '10.0', java.version: '1.8.0_301'
Driver info: org.openqa.selenium.chrome.ChromeDriver
Capabilities {acceptInsecureCerts: false, browserName: chrome, browserVersion: 93.0.4577.82, chrome: {chromedriverVersion: 92.0.4515.107 (87a818b10553..., userDataDir: C:\WINDOWS\TEMP\scoped_dir3...}, goog:chromeOptions: {debuggerAddress: localhost:60188}, javascriptEnabled: true, networkConnectionEnabled: false, pageLoadStrategy: normal, platform: WINDOWS, platformName: WINDOWS, proxy: Proxy(), setWindowRect: true, strictFileInteractability: false, timeouts: {implicit: 0, pageLoad: 300000, script: 30000}, unhandledPromptBehavior: dismiss and notify, webauthn:extension:credBlob: true, webauthn:extension:largeBlob: true, webauthn:virtualAuthenticators: true}
Session ID: 5a54b731a3eecc089441de433b9ca0d3
*** Element info: {Using=xpath, value=/html/body/div[1]/header/div/div/nav/ul/li[18]/a}
]]></system-out>
  </testcase>
  <testcase name="userDashboardTest" classname="com.vezencare.testCases.TC_UserdashboardTest_002" time="18.583">
    <system-out><![CDATA[23:27:45.112 [main] FATAL com.vezencare.testCases.TC_UserdashboardTest_002 - Launch browser
]]></system-out>
    <system-err><![CDATA[Starting ChromeDriver 92.0.4515.107 (87a818b10553a07434ea9e2b6dccf3cbe7895134-refs/branch-heads/4515@{#1634}) on port 33857
Only local connections are allowed.
Please see https://chromedriver.chromium.org/security-considerations for suggestions on keeping ChromeDriver safe.
ChromeDriver was started successfully.
[1631901464.626][WARNING]: This version of ChromeDriver has not been tested with Chrome version 93.
Sep 17, 2021 11:27:44 PM org.openqa.selenium.remote.ProtocolHandshake createSession
INFO: Detected dialect: W3C
]]></system-err>
  </testcase>
</testsuite>